Compilación iniciada a las 12/12/2016 23:50:25.
     1>Proyecto "C:\Users\susa\Documents\Visual Studio 2013\Projects\DIMYMADU-master\Proyecto1_1\Proyecto1_1.vcxproj" en el nodo 2 (Build destinos).
     1>ClCompile:
         C:\Program Files\Microsoft Visual Studio 12.0\VC\bin\CL.exe /c /I"../../external/glm-0.9.5.2/glm" /I"../../external/glew-1.10.0-win32/glew-1.10.0/include" /I"../../external/glfw-3.1.bin.WIN32/include" /I"../../external/assimp-3.1.1/include" /I"../../external/freetype-2.3.5-1-bin/include" /I"../../external/freetype-2.3.5-1-bin/include/freetype2" /I../../external/FreeImage3170/FreeImage/Source /I../../external/AntTweakBar/include /I"../../external/cegui-0.8.7/cegui/include" /I../../external/OpenAL/include /I../../external/alut/include /I../../external/freealut/include /ZI /nologo /W3 /WX- /sdl /Od /Oy- /D WIN32 /D _DEBUG /D _CONSOLE /D _LIB /D _CRT_SECURE_NO_WARNINGS /D _UNICODE /D UNICODE /Gm /EHsc /RTC1 /MDd /GS /fp:precise /Zc:wchar_t /Zc:forScope /Fo"Debug\\" /Fd"Debug\vc120.pdb" /Gd /TP /analyze- /errorReport:prompt src\GLApplication.cpp
         GLApplication.cpp
     1>c:\users\susa\documents\visual studio 2013\projects\dimymadu-master\proyecto1_1\src\headers\camerafps.h(16): warning C4067: símbolos (token) inesperados después de la directiva del preprocesador; se esperaba una nueva línea
     1>c:\users\susa\documents\visual studio 2013\projects\dimymadu-master\proyecto1_1\src\headers\inputmanager.h(87): warning C4244: 'argumento' : conversión de 'double' a 'const int'; posible pérdida de datos
     1>c:\users\susa\documents\visual studio 2013\projects\dimymadu-master\proyecto1_1\src\headers\collision.h(42): warning C4018: '<' : no coinciden signed/unsigned
     1>c:\users\susa\documents\visual studio 2013\projects\dimymadu-master\proyecto1_1\src\headers\collision.h(43): warning C4018: '<' : no coinciden signed/unsigned
     1>c:\users\susa\documents\visual studio 2013\projects\dimymadu-master\proyecto1_1\src\glapplication.cpp(293): warning C4244: 'inicializando' : conversión de 'double' a 'GLfloat'; posible pérdida de datos
     1>c:\users\susa\documents\visual studio 2013\projects\dimymadu-master\proyecto1_1\src\glapplication.cpp(681): warning C4018: '<' : no coinciden signed/unsigned
       Link:
         C:\Program Files\Microsoft Visual Studio 12.0\VC\bin\link.exe /ERRORREPORT:PROMPT /OUT:"C:\Users\susa\Documents\Visual Studio 2013\Projects\DIMYMADU-master\Debug\Proyecto1_1.exe" /INCREMENTAL /NOLOGO /LIBPATH:"../../external/glew-1.10.0-win32/glew-1.10.0/lib/Release/Win32" /LIBPATH:"../../external/glfw-3.1.bin.WIN32/lib-vc2012" /LIBPATH:"../../external/assimp-3.1.1/build/code/Debug" /LIBPATH:../../external/FreeImage3170/FreeImage/Dist/x32 /LIBPATH:"../../external/freetype-2.3.5-1-bin/lib" /LIBPATH:../../external/AntTweakBar/lib /LIBPATH:"../../external/cegui-0.8.7/build/lib" /LIBPATH:../../external/freealut/build/src/Debug /LIBPATH:../../external/OpenAL/libs/Win32 /LIBPATH:glew32.lib /LIBPATH:glfw3.lib /LIBPATH:opengl32.lib /LIBPATH:glu32.lib /LIBPATH:assimpd.lib /LIBPATH:FreeImaged.lib /LIBPATH:freetype.lib /LIBPATH:AntTweakBar.lib /LIBPATH:"CEGUIBase-0_d.lib" /LIBPATH:"CEGUIOpenGLRenderer-0_d.lib" /LIBPATH:CEGUICoreWindowRendererSet_d.lib /LIBPATH:CEGUISILLYImageCodec_d.lib /LIBPATH:CEGUIExpatParser_d.lib /LIBPATH:OpenAL32.lib /LIBPATH:alut.lib /LIBPATH:kernel32.lib /LIBPATH:user32.lib /LIBPATH:gdi32.lib /LIBPATH:winspool.lib /LIBPATH:comdlg32.lib /LIBPATH:advapi32.lib /LIBPATH:shell32.lib /LIBPATH:ole32.lib /LIBPATH:oleaut32.lib /LIBPATH:uuid.lib /LIBPATH:odbc32.lib /LIBPATH:odbccp32.lib glew32.lib glfw3.lib opengl32.lib glu32.lib assimpd.lib FreeImaged.lib freetype.lib AntTweakBar.lib "CEGUIBase-0_d.lib" "CEGUIOpenGLRenderer-0_d.lib" CEGUICoreWindowRendererSet_d.lib CEGUISILLYImageCodec_d.lib CEGUIExpatParser_d.lib OpenAL32.lib alut.lib kernel32.lib user32.lib gdi32.lib winspool.lib comdlg32.lib advapi32.lib shell32.lib ole32.lib oleaut32.lib uuid.lib odbc32.lib odbccp32.lib /MANIFEST /MANIFESTUAC:"level='asInvoker' uiAccess='false'" /manifest:embed /DEBUG /PDB:"C:\Users\susa\Documents\Visual Studio 2013\Projects\DIMYMADU-master\Debug\Proyecto1_1.pdb" /SUBSYSTEM:CONSOLE /TLBID:1 /DYNAMICBASE /NXCOMPAT /IMPLIB:"C:\Users\susa\Documents\Visual Studio 2013\Projects\DIMYMADU-master\Debug\Proyecto1_1.lib" /MACHINE:X86 Debug\Cube.obj
         Debug\GLApplication.obj
         Debug\GLFWManager.obj
         Debug\InputManager.obj
         Debug\main.obj
         Debug\Mesh.obj
         Debug\Model.obj
         Debug\Shader.obj
         Debug\Sphere.obj
         Debug\Texture.obj
         Debug\TimeManager.obj
     1>LINK : warning LNK4098: la biblioteca predeterminada'MSVCRT' entra en conflicto con otras bibliotecas; use la biblioteca /NODEFAULTLIB:biblioteca
         Proyecto1_1.vcxproj -> C:\Users\susa\Documents\Visual Studio 2013\Projects\DIMYMADU-master\Debug\Proyecto1_1.exe
     1>Compilación del proyecto terminada "C:\Users\susa\Documents\Visual Studio 2013\Projects\DIMYMADU-master\Proyecto1_1\Proyecto1_1.vcxproj" (Build destinos).

Compilación correcta.

Tiempo transcurrido 00:01:09.95
